[ 2016-04-09T19:48:02+08:00 ] ::1 /PhpstormProjects/thinkproject/
INFO: [ app_init ] --START--
INFO: Run Behavior\BuildLiteBehavior [ RunTime:0.000081s ]
INFO: [ app_init ] --END-- [ RunTime:0.002152s ]
INFO: [ app_begin ] --START--
INFO: Run Behavior\ReadHtmlCacheBehavior [ RunTime:0.001252s ]
INFO: [ app_begin ] --END-- [ RunTime:0.001442s ]
INFO: [ app_end ] --START--
INFO: Run Behavior\ShowPageTraceBehavior [ RunTime:0.001406s ]
INFO: [ app_end ] --END-- [ RunTime:0.001617s ]

[ 2016-04-09T19:48:24+08:00 ] ::1 /PhpstormProjects/thinkproject/home/index/he
INFO: [ app_init ] --START--
INFO: Run Behavior\BuildLiteBehavior [ RunTime:0.000033s ]
INFO: [ app_init ] --END-- [ RunTime:0.000495s ]
INFO: [ app_begin ] --START--
INFO: Run Behavior\ReadHtmlCacheBehavior [ RunTime:0.000362s ]
INFO: [ app_begin ] --END-- [ RunTime:0.000454s ]
ERR: 非法操作:he

[ 2016-04-09T19:48:36+08:00 ] ::1 /PhpstormProjects/thinkproject/home/index/iplocation
INFO: [ app_init ] --START--
INFO: Run Behavior\BuildLiteBehavior [ RunTime:0.000029s ]
INFO: [ app_init ] --END-- [ RunTime:0.000405s ]
INFO: [ app_begin ] --START--
INFO: Run Behavior\ReadHtmlCacheBehavior [ RunTime:0.000356s ]
INFO: [ app_begin ] --END-- [ RunTime:0.000437s ]
INFO: [ view_parse ] --START--
INFO: [ template_filter ] --START--
INFO: Run Behavior\ContentReplaceBehavior [ RunTime:0.000478s ]
INFO: [ template_filter ] --END-- [ RunTime:0.000640s ]
INFO: Run Behavior\ParseTemplateBehavior [ RunTime:0.026995s ]
INFO: [ view_parse ] --END-- [ RunTime:0.027164s ]
INFO: [ view_filter ] --START--
INFO: Run Behavior\WriteHtmlCacheBehavior [ RunTime:0.000476s ]
INFO: [ view_filter ] --END-- [ RunTime:0.000577s ]
INFO: [ app_end ] --START--
INFO: Run Behavior\ShowPageTraceBehavior [ RunTime:0.000952s ]
INFO: [ app_end ] --END-- [ RunTime:0.001098s ]

[ 2016-04-09T19:48:55+08:00 ] ::1 /PhpstormProjects/thinkproject/home/index/iplocation?qq=%E4%BD%A0%E7%9A%84QQ%E5%8F%B7&ip=192.16.8.1
INFO: [ app_init ] --START--
INFO: Run Behavior\BuildLiteBehavior [ RunTime:0.000025s ]
INFO: [ app_init ] --END-- [ RunTime:0.000385s ]
INFO: [ app_begin ] --START--
INFO: Run Behavior\ReadHtmlCacheBehavior [ RunTime:0.000331s ]
INFO: [ app_begin ] --END-- [ RunTime:0.000409s ]
INFO: [ app_end ] --START--
INFO: Run Behavior\ShowPageTraceBehavior [ RunTime:0.000746s ]
INFO: [ app_end ] --END-- [ RunTime:0.000946s ]

[ 2016-04-09T19:49:10+08:00 ] ::1 /PhpstormProjects/thinkproject/home/index/iplocation?qq=%E4%BD%A0%E7%9A%84QQ%E5%8F%B7&ip=192.16.8.1
INFO: [ app_init ] --START--
INFO: Run Behavior\BuildLiteBehavior [ RunTime:0.000044s ]
INFO: [ app_init ] --END-- [ RunTime:0.001088s ]
INFO: [ app_begin ] --START--
INFO: Run Behavior\ReadHtmlCacheBehavior [ RunTime:0.000820s ]
INFO: [ app_begin ] --END-- [ RunTime:0.000944s ]
INFO: [ app_end ] --START--
INFO: Run Behavior\ShowPageTraceBehavior [ RunTime:0.000969s ]
INFO: [ app_end ] --END-- [ RunTime:0.001128s ]

[ 2016-04-09T19:49:11+08:00 ] ::1 /PhpstormProjects/thinkproject/home/index/iplocation?qq=%E4%BD%A0%E7%9A%84QQ%E5%8F%B7&ip=192.16.8.1
INFO: [ app_init ] --START--
INFO: Run Behavior\BuildLiteBehavior [ RunTime:0.000026s ]
INFO: [ app_init ] --END-- [ RunTime:0.000446s ]
INFO: [ app_begin ] --START--
INFO: Run Behavior\ReadHtmlCacheBehavior [ RunTime:0.000446s ]
INFO: [ app_begin ] --END-- [ RunTime:0.000568s ]
INFO: [ app_end ] --START--
INFO: Run Behavior\ShowPageTraceBehavior [ RunTime:0.000447s ]
INFO: [ app_end ] --END-- [ RunTime:0.000570s ]

[ 2016-04-09T19:49:12+08:00 ] ::1 /PhpstormProjects/thinkproject/home/index/iplocation?qq=%E4%BD%A0%E7%9A%84QQ%E5%8F%B7&ip=192.16.8.1
INFO: [ app_init ] --START--
INFO: Run Behavior\BuildLiteBehavior [ RunTime:0.000026s ]
INFO: [ app_init ] --END-- [ RunTime:0.000412s ]
INFO: [ app_begin ] --START--
INFO: Run Behavior\ReadHtmlCacheBehavior [ RunTime:0.000344s ]
INFO: [ app_begin ] --END-- [ RunTime:0.000433s ]
INFO: [ app_end ] --START--
INFO: Run Behavior\ShowPageTraceBehavior [ RunTime:0.000316s ]
INFO: [ app_end ] --END-- [ RunTime:0.000402s ]

[ 2016-04-09T19:49:13+08:00 ] ::1 /PhpstormProjects/thinkproject/home/index/iplocation?qq=%E4%BD%A0%E7%9A%84QQ%E5%8F%B7&ip=192.16.8.1
INFO: [ app_init ] --START--
INFO: Run Behavior\BuildLiteBehavior [ RunTime:0.000022s ]
INFO: [ app_init ] --END-- [ RunTime:0.000520s ]
INFO: [ app_begin ] --START--
INFO: Run Behavior\ReadHtmlCacheBehavior [ RunTime:0.000361s ]
INFO: [ app_begin ] --END-- [ RunTime:0.000455s ]
INFO: [ app_end ] --START--
INFO: Run Behavior\ShowPageTraceBehavior [ RunTime:0.000341s ]
INFO: [ app_end ] --END-- [ RunTime:0.000429s ]

[ 2016-04-09T19:49:25+08:00 ] ::1 /PhpstormProjects/thinkproject/home/index/iplocation?qq=%E4%BD%A0%E7%9A%84QQ%E5%8F%B7&ip=192.16.8.1
INFO: [ app_init ] --START--
INFO: Run Behavior\BuildLiteBehavior [ RunTime:0.000049s ]
INFO: [ app_init ] --END-- [ RunTime:0.000881s ]
INFO: [ app_begin ] --START--
INFO: Run Behavior\ReadHtmlCacheBehavior [ RunTime:0.001928s ]
INFO: [ app_begin ] --END-- [ RunTime:0.002136s ]
INFO: [ view_parse ] --START--
INFO: [ template_filter ] --START--
INFO: Run Behavior\ContentReplaceBehavior [ RunTime:0.000110s ]
INFO: [ template_filter ] --END-- [ RunTime:0.000300s ]
INFO: Run Behavior\ParseTemplateBehavior [ RunTime:0.012593s ]
INFO: [ view_parse ] --END-- [ RunTime:0.012766s ]
INFO: [ view_filter ] --START--
INFO: Run Behavior\WriteHtmlCacheBehavior [ RunTime:0.000506s ]
INFO: [ view_filter ] --END-- [ RunTime:0.000645s ]
INFO: [ app_end ] --START--
INFO: Run Behavior\ShowPageTraceBehavior [ RunTime:0.000997s ]
INFO: [ app_end ] --END-- [ RunTime:0.001152s ]

[ 2016-04-09T19:49:31+08:00 ] ::1 /PhpstormProjects/thinkproject/home/index/iplocation?qq=1&ip=192.16.8.1
INFO: [ app_init ] --START--
INFO: Run Behavior\BuildLiteBehavior [ RunTime:0.000048s ]
INFO: [ app_init ] --END-- [ RunTime:0.000697s ]
INFO: [ app_begin ] --START--
INFO: Run Behavior\ReadHtmlCacheBehavior [ RunTime:0.000473s ]
INFO: [ app_begin ] --END-- [ RunTime:0.000620s ]
INFO: [ app_end ] --START--
INFO: Run Behavior\ShowPageTraceBehavior [ RunTime:0.000354s ]
INFO: [ app_end ] --END-- [ RunTime:0.000445s ]

[ 2016-04-09T19:50:56+08:00 ] ::1 /PhpstormProjects/thinkproject/home/index/iplocation?qq=1&ip=192.16.8.1
INFO: [ app_init ] --START--
INFO: Run Behavior\BuildLiteBehavior [ RunTime:0.000098s ]
INFO: [ app_init ] --END-- [ RunTime:0.001053s ]
INFO: [ app_begin ] --START--
INFO: Run Behavior\ReadHtmlCacheBehavior [ RunTime:0.000834s ]
INFO: [ app_begin ] --END-- [ RunTime:0.000971s ]
INFO: [ view_parse ] --START--
INFO: Run Behavior\ParseTemplateBehavior [ RunTime:0.000699s ]
INFO: [ view_parse ] --END-- [ RunTime:0.000873s ]
INFO: [ view_filter ] --START--
INFO: Run Behavior\WriteHtmlCacheBehavior [ RunTime:0.000671s ]
INFO: [ view_filter ] --END-- [ RunTime:0.000827s ]
INFO: [ app_end ] --START--
INFO: Run Behavior\ShowPageTraceBehavior [ RunTime:0.000990s ]
INFO: [ app_end ] --END-- [ RunTime:0.001161s ]

[ 2016-04-09T19:51:02+08:00 ] ::1 /PhpstormProjects/thinkproject/home/index/iplocation?qq=12345&ip=192.16.8.1
INFO: [ app_init ] --START--
INFO: Run Behavior\BuildLiteBehavior [ RunTime:0.000027s ]
INFO: [ app_init ] --END-- [ RunTime:0.000376s ]
INFO: [ app_begin ] --START--
INFO: Run Behavior\ReadHtmlCacheBehavior [ RunTime:0.000362s ]
INFO: [ app_begin ] --END-- [ RunTime:0.000440s ]
INFO: [ app_end ] --START--
INFO: Run Behavior\ShowPageTraceBehavior [ RunTime:0.000375s ]
INFO: [ app_end ] --END-- [ RunTime:0.000470s ]

[ 2016-04-09T19:53:03+08:00 ] ::1 /PhpstormProjects/thinkproject/home/index/short_url
INFO: [ app_init ] --START--
INFO: Run Behavior\BuildLiteBehavior [ RunTime:0.000046s ]
INFO: [ app_init ] --END-- [ RunTime:0.000882s ]
INFO: [ app_begin ] --START--
INFO: Run Behavior\ReadHtmlCacheBehavior [ RunTime:0.001002s ]
INFO: [ app_begin ] --END-- [ RunTime:0.001154s ]
INFO: [ view_parse ] --START--
INFO: [ template_filter ] --START--
INFO: Run Behavior\ContentReplaceBehavior [ RunTime:0.000135s ]
INFO: [ template_filter ] --END-- [ RunTime:0.000303s ]
NOTIC: [8] Undefined variable: tips /Users/anthony/Sites/PhpstormProjects/thinkproject/App/Runtime/Cache/Home/5403c4c3c8a07243a05db2411557e631.php 第 102 行.
INFO: Run Behavior\ParseTemplateBehavior [ RunTime:0.021282s ]
INFO: [ view_parse ] --END-- [ RunTime:0.021468s ]
INFO: [ view_filter ] --START--
INFO: Run Behavior\WriteHtmlCacheBehavior [ RunTime:0.000673s ]
INFO: [ view_filter ] --END-- [ RunTime:0.000816s ]
INFO: [ app_end ] --START--
INFO: Run Behavior\ShowPageTraceBehavior [ RunTime:0.001084s ]
INFO: [ app_end ] --END-- [ RunTime:0.001251s ]

[ 2016-04-09T19:53:26+08:00 ] ::1 /PhpstormProjects/thinkproject/home/index/short_url?qq=%E4%BD%A0%E7%9A%84QQ%E5%8F%B7&type=1&url=%E9%93%BE%E6%8E%A5
INFO: [ app_init ] --START--
INFO: Run Behavior\BuildLiteBehavior [ RunTime:0.000024s ]
INFO: [ app_init ] --END-- [ RunTime:0.000442s ]
INFO: [ app_begin ] --START--
INFO: Run Behavior\ReadHtmlCacheBehavior [ RunTime:0.000675s ]
INFO: [ app_begin ] --END-- [ RunTime:0.000812s ]
INFO: [ view_parse ] --START--
INFO: [ template_filter ] --START--
INFO: Run Behavior\ContentReplaceBehavior [ RunTime:0.000123s ]
INFO: [ template_filter ] --END-- [ RunTime:0.000273s ]
NOTIC: [8] Undefined variable: tips /Users/anthony/Sites/PhpstormProjects/thinkproject/App/Runtime/Cache/Home/5403c4c3c8a07243a05db2411557e631.php 第 102 行.
INFO: Run Behavior\ParseTemplateBehavior [ RunTime:0.024130s ]
INFO: [ view_parse ] --END-- [ RunTime:0.024319s ]
INFO: [ view_filter ] --START--
INFO: Run Behavior\WriteHtmlCacheBehavior [ RunTime:0.000280s ]
INFO: [ view_filter ] --END-- [ RunTime:0.000411s ]
INFO: [ app_end ] --START--
INFO: Run Behavior\ShowPageTraceBehavior [ RunTime:0.000924s ]
INFO: [ app_end ] --END-- [ RunTime:0.001076s ]

[ 2016-04-09T19:53:27+08:00 ] ::1 /PhpstormProjects/thinkproject/home/index/short_url?qq=%E4%BD%A0%E7%9A%84QQ%E5%8F%B7&type=1&url=%E9%93%BE
INFO: [ app_init ] --START--
INFO: Run Behavior\BuildLiteBehavior [ RunTime:0.000023s ]
INFO: [ app_init ] --END-- [ RunTime:0.000518s ]
INFO: [ app_begin ] --START--
INFO: Run Behavior\ReadHtmlCacheBehavior [ RunTime:0.000435s ]
INFO: [ app_begin ] --END-- [ RunTime:0.000543s ]
INFO: [ view_parse ] --START--
INFO: [ template_filter ] --START--
INFO: Run Behavior\ContentReplaceBehavior [ RunTime:0.000066s ]
INFO: [ template_filter ] --END-- [ RunTime:0.000183s ]
NOTIC: [8] Undefined variable: tips /Users/anthony/Sites/PhpstormProjects/thinkproject/App/Runtime/Cache/Home/5403c4c3c8a07243a05db2411557e631.php 第 102 行.
INFO: Run Behavior\ParseTemplateBehavior [ RunTime:0.020483s ]
INFO: [ view_parse ] --END-- [ RunTime:0.020664s ]
INFO: [ view_filter ] --START--
INFO: Run Behavior\WriteHtmlCacheBehavior [ RunTime:0.000253s ]
INFO: [ view_filter ] --END-- [ RunTime:0.000381s ]
INFO: [ app_end ] --START--
INFO: Run Behavior\ShowPageTraceBehavior [ RunTime:0.000614s ]
INFO: [ app_end ] --END-- [ RunTime:0.000777s ]

[ 2016-04-09T19:53:36+08:00 ] ::1 /PhpstormProjects/thinkproject/home/index/short_url?qq=%E4%BD%A0%E7%9A%84QQ%E5%8F%B7&type=1&url=www.baidu.com
INFO: [ app_init ] --START--
INFO: Run Behavior\BuildLiteBehavior [ RunTime:0.000027s ]
INFO: [ app_init ] --END-- [ RunTime:0.000401s ]
INFO: [ app_begin ] --START--
INFO: Run Behavior\ReadHtmlCacheBehavior [ RunTime:0.000333s ]
INFO: [ app_begin ] --END-- [ RunTime:0.000411s ]
INFO: [ view_parse ] --START--
INFO: [ template_filter ] --START--
INFO: Run Behavior\ContentReplaceBehavior [ RunTime:0.000098s ]
INFO: [ template_filter ] --END-- [ RunTime:0.000218s ]
NOTIC: [8] Undefined variable: tips /Users/anthony/Sites/PhpstormProjects/thinkproject/App/Runtime/Cache/Home/5403c4c3c8a07243a05db2411557e631.php 第 102 行.
INFO: Run Behavior\ParseTemplateBehavior [ RunTime:0.022891s ]
INFO: [ view_parse ] --END-- [ RunTime:0.023069s ]
INFO: [ view_filter ] --START--
INFO: Run Behavior\WriteHtmlCacheBehavior [ RunTime:0.000282s ]
INFO: [ view_filter ] --END-- [ RunTime:0.000423s ]
INFO: [ app_end ] --START--
INFO: Run Behavior\ShowPageTraceBehavior [ RunTime:0.000702s ]
INFO: [ app_end ] --END-- [ RunTime:0.000887s ]

[ 2016-04-09T19:53:50+08:00 ] ::1 /PhpstormProjects/thinkproject/home/index/short_url?qq=12123&type=1&url=www.baidu.com
INFO: [ app_init ] --START--
INFO: Run Behavior\BuildLiteBehavior [ RunTime:0.000019s ]
INFO: [ app_init ] --END-- [ RunTime:0.000430s ]
INFO: [ app_begin ] --START--
INFO: Run Behavior\ReadHtmlCacheBehavior [ RunTime:0.000392s ]
INFO: [ app_begin ] --END-- [ RunTime:0.000476s ]
INFO: [ view_parse ] --START--
INFO: [ template_filter ] --START--
INFO: Run Behavior\ContentReplaceBehavior [ RunTime:0.000089s ]
INFO: [ template_filter ] --END-- [ RunTime:0.000209s ]
NOTIC: [8] Undefined variable: tips /Users/anthony/Sites/PhpstormProjects/thinkproject/App/Runtime/Cache/Home/5403c4c3c8a07243a05db2411557e631.php 第 102 行.
INFO: Run Behavior\ParseTemplateBehavior [ RunTime:0.022876s ]
INFO: [ view_parse ] --END-- [ RunTime:0.023061s ]
INFO: [ view_filter ] --START--
INFO: Run Behavior\WriteHtmlCacheBehavior [ RunTime:0.000267s ]
INFO: [ view_filter ] --END-- [ RunTime:0.000399s ]
INFO: [ app_end ] --START--
INFO: Run Behavior\ShowPageTraceBehavior [ RunTime:0.000987s ]
INFO: [ app_end ] --END-- [ RunTime:0.001153s ]

[ 2016-04-09T19:54:32+08:00 ] ::1 /PhpstormProjects/thinkproject/home/index/short_url?qq=12123&type=1&url=www.baidu.com
INFO: [ app_init ] --START--
INFO: Run Behavior\BuildLiteBehavior [ RunTime:0.000039s ]
INFO: [ app_init ] --END-- [ RunTime:0.001102s ]
INFO: [ app_begin ] --START--
INFO: Run Behavior\ReadHtmlCacheBehavior [ RunTime:0.000985s ]
INFO: [ app_begin ] --END-- [ RunTime:0.001159s ]
INFO: [ view_parse ] --START--
INFO: [ template_filter ] --START--
INFO: Run Behavior\ContentReplaceBehavior [ RunTime:0.000118s ]
INFO: [ template_filter ] --END-- [ RunTime:0.000260s ]
NOTIC: [8] Undefined variable: tips /Users/anthony/Sites/PhpstormProjects/thinkproject/App/Runtime/Cache/Home/5403c4c3c8a07243a05db2411557e631.php 第 102 行.
INFO: Run Behavior\ParseTemplateBehavior [ RunTime:0.025745s ]
INFO: [ view_parse ] --END-- [ RunTime:0.025951s ]
INFO: [ view_filter ] --START--
INFO: Run Behavior\WriteHtmlCacheBehavior [ RunTime:0.000421s ]
INFO: [ view_filter ] --END-- [ RunTime:0.000536s ]
INFO: [ app_end ] --START--
INFO: Run Behavior\ShowPageTraceBehavior [ RunTime:0.000878s ]
INFO: [ app_end ] --END-- [ RunTime:0.001025s ]

[ 2016-04-09T19:54:39+08:00 ] ::1 /PhpstormProjects/thinkproject/home/index/short_url?qq=12123&type=1&url=www.baidu.com
INFO: [ app_init ] --START--
INFO: Run Behavior\BuildLiteBehavior [ RunTime:0.000034s ]
INFO: [ app_init ] --END-- [ RunTime:0.000430s ]
INFO: [ app_begin ] --START--
INFO: Run Behavior\ReadHtmlCacheBehavior [ RunTime:0.000894s ]
INFO: [ app_begin ] --END-- [ RunTime:0.001140s ]
NOTIC: [2] file_get_contents(https://api.weibo.com/2/short_url/shorten.json?access_token=2.00lbGq6CptiSTDc1e1fe2df6fs4ngD&amp;url_long=ss): failed to open stream: HTTP request failed! HTTP/1.1 400 Bad Request
 /Users/anthony/Sites/PhpstormProjects/thinkproject/App/Home/Controller/IndexController.class.php 第 145 行.
INFO: [ view_parse ] --START--
INFO: [ template_filter ] --START--
INFO: Run Behavior\ContentReplaceBehavior [ RunTime:0.000096s ]
INFO: [ template_filter ] --END-- [ RunTime:0.000253s ]
NOTIC: [8] Undefined variable: result /Users/anthony/Sites/PhpstormProjects/thinkproject/App/Runtime/Cache/Home/5403c4c3c8a07243a05db2411557e631.php 第 104 行.
NOTIC: [8] Undefined variable: result /Users/anthony/Sites/PhpstormProjects/thinkproject/App/Runtime/Cache/Home/5403c4c3c8a07243a05db2411557e631.php 第 104 行.
NOTIC: [8] Undefined variable: result /Users/anthony/Sites/PhpstormProjects/thinkproject/App/Runtime/Cache/Home/5403c4c3c8a07243a05db2411557e631.php 第 105 行.
NOTIC: [8] Undefined variable: result /Users/anthony/Sites/PhpstormProjects/thinkproject/App/Runtime/Cache/Home/5403c4c3c8a07243a05db2411557e631.php 第 105 行.
INFO: Run Behavior\ParseTemplateBehavior [ RunTime:0.022657s ]
INFO: [ view_parse ] --END-- [ RunTime:0.022780s ]
INFO: [ view_filter ] --START--
INFO: Run Behavior\WriteHtmlCacheBehavior [ RunTime:0.000184s ]
INFO: [ view_filter ] --END-- [ RunTime:0.000280s ]
INFO: [ app_end ] --START--
INFO: Run Behavior\ShowPageTraceBehavior [ RunTime:0.000425s ]
INFO: [ app_end ] --END-- [ RunTime:0.000524s ]

[ 2016-04-09T19:54:50+08:00 ] ::1 /PhpstormProjects/thinkproject/home/index/short_url?qq=12123&type=1&url=www.baidu.com
INFO: [ app_init ] --START--
INFO: Run Behavior\BuildLiteBehavior [ RunTime:0.000039s ]
INFO: [ app_init ] --END-- [ RunTime:0.000869s ]
INFO: [ app_begin ] --START--
INFO: Run Behavior\ReadHtmlCacheBehavior [ RunTime:0.001111s ]
INFO: [ app_begin ] --END-- [ RunTime:0.001280s ]
INFO: [ view_parse ] --START--
INFO: [ template_filter ] --START--
INFO: Run Behavior\ContentReplaceBehavior [ RunTime:0.000171s ]
INFO: [ template_filter ] --END-- [ RunTime:0.000444s ]
NOTIC: [8] Undefined variable: tips /Users/anthony/Sites/PhpstormProjects/thinkproject/App/Runtime/Cache/Home/5403c4c3c8a07243a05db2411557e631.php 第 102 行.
INFO: Run Behavior\ParseTemplateBehavior [ RunTime:0.026396s ]
INFO: [ view_parse ] --END-- [ RunTime:0.026571s ]
INFO: [ view_filter ] --START--
INFO: Run Behavior\WriteHtmlCacheBehavior [ RunTime:0.000596s ]
INFO: [ view_filter ] --END-- [ RunTime:0.000749s ]
INFO: [ app_end ] --START--
INFO: Run Behavior\ShowPageTraceBehavior [ RunTime:0.001105s ]
INFO: [ app_end ] --END-- [ RunTime:0.001302s ]

[ 2016-04-09T19:56:07+08:00 ] ::1 /PhpstormProjects/thinkproject/Home/index/translate.html
INFO: [ app_init ] --START--
INFO: Run Behavior\BuildLiteBehavior [ RunTime:0.000037s ]
INFO: [ app_init ] --END-- [ RunTime:0.000898s ]
INFO: [ app_begin ] --START--
INFO: Run Behavior\ReadHtmlCacheBehavior [ RunTime:0.001041s ]
INFO: [ app_begin ] --END-- [ RunTime:0.001220s ]
INFO: [ view_parse ] --START--
INFO: [ template_filter ] --START--
INFO: Run Behavior\ContentReplaceBehavior [ RunTime:0.000085s ]
INFO: [ template_filter ] --END-- [ RunTime:0.000202s ]
NOTIC: [8] Undefined variable: result /Users/anthony/Sites/PhpstormProjects/thinkproject/App/Runtime/Cache/Home/2366e2743dff3b2dae6100100f404501.php 第 102 行.
INFO: Run Behavior\ParseTemplateBehavior [ RunTime:0.016620s ]
INFO: [ view_parse ] --END-- [ RunTime:0.016752s ]
INFO: [ view_filter ] --START--
INFO: Run Behavior\WriteHtmlCacheBehavior [ RunTime:0.000622s ]
INFO: [ view_filter ] --END-- [ RunTime:0.000762s ]
INFO: [ app_end ] --START--
INFO: Run Behavior\ShowPageTraceBehavior [ RunTime:0.001052s ]
INFO: [ app_end ] --END-- [ RunTime:0.001205s ]

[ 2016-04-09T19:56:17+08:00 ] ::1 /PhpstormProjects/thinkproject/Home/index/translate.html?qq=%E4%BD%A0%E7%9A%84QQ%E5%8F%B7&word=%E7%BF%BB%E8%AF%91%E5%86%85%E5%AE%B9
INFO: [ app_init ] --START--
INFO: Run Behavior\BuildLiteBehavior [ RunTime:0.000043s ]
INFO: [ app_init ] --END-- [ RunTime:0.000453s ]
INFO: [ app_begin ] --START--
INFO: Run Behavior\ReadHtmlCacheBehavior [ RunTime:0.000490s ]
INFO: [ app_begin ] --END-- [ RunTime:0.000602s ]
INFO: [ view_parse ] --START--
INFO: Run Behavior\ParseTemplateBehavior [ RunTime:0.008650s ]
INFO: [ view_parse ] --END-- [ RunTime:0.008835s ]
INFO: [ view_filter ] --START--
INFO: Run Behavior\WriteHtmlCacheBehavior [ RunTime:0.000287s ]
INFO: [ view_filter ] --END-- [ RunTime:0.000419s ]
INFO: [ app_end ] --START--
INFO: Run Behavior\ShowPageTraceBehavior [ RunTime:0.000777s ]
INFO: [ app_end ] --END-- [ RunTime:0.001015s ]

[ 2016-04-09T19:56:23+08:00 ] ::1 /PhpstormProjects/thinkproject/Home/index/translate.html?qq=65433&word=%E7%BF%BB%E8%AF%91%E5%86%85%E5%AE%B9
INFO: [ app_init ] --START--
INFO: Run Behavior\BuildLiteBehavior [ RunTime:0.000020s ]
INFO: [ app_init ] --END-- [ RunTime:0.000350s ]
INFO: [ app_begin ] --START--
INFO: Run Behavior\ReadHtmlCacheBehavior [ RunTime:0.000383s ]
INFO: [ app_begin ] --END-- [ RunTime:0.000485s ]
INFO: [ app_end ] --START--
INFO: Run Behavior\ShowPageTraceBehavior [ RunTime:0.000604s ]
INFO: [ app_end ] --END-- [ RunTime:0.000753s ]

